<?xml version="1.0" encoding="UTF-8"?>
<!-- Generated by org.testng.reporters.JUnitReportReporter -->
<testsuite skipped="0" hostname="LAPTOP-GB395NJQ" name="Runner.TestRunner" tests="1" failures="0" timestamp="2021-09-17T12:11:41 IST" time="28.252" errors="1">
  <testcase name="runScenario" time="28.252" classname="Runner.TestRunner">
    <error type="java.lang.NullPointerException">
      <![CDATA[java.lang.NullPointerException
at com.pages.TransfereeAddExpensePage.enterReceiptCurrencyReimAccountDetails(TransfereeAddExpensePage.java:87)
at com.stepDefinitions.AddExpenseSteps.i_click_on_button_to_enter_following_details_on(AddExpenseSteps.java:27)
at ✽.I click on 'add expense' button to enter following details on 'Create a new Expense Form'(file:///C:/Users/Pritam/eclipse-workspace/AiresAutomationAssign1/src/test/java/com/features/AddExpense.feature:13)
]]>
    </error>
  </testcase> <!-- runScenario -->
  <system-out/>
</testsuite> <!-- Runner.TestRunner -->
