<?xml version="1.0" encoding="UTF-8"?>
<testng-results skipped="0" failed="1" ignored="0" total="1" passed="0">
  <reporter-output>
  </reporter-output>
  <suite name="Default suite" duration-ms="35106" started-at="2021-09-17T12:11:06 IST" finished-at="2021-09-17T12:11:41 IST">
    <groups>
      <group name="cucumber">
        <method signature="AbstractTestNGCucumberTests.runScenario(io.cucumber.testng.PickleWrapper, io.cucumber.testng.FeatureWrapper)[pri:0, instance:Runner.TestRunner@7113b13f]" name="runScenario" class="io.cucumber.testng.AbstractTestNGCucumberTests"/>
      </group> <!-- cucumber -->
    </groups>
    <test name="Default test" duration-ms="35106" started-at="2021-09-17T12:11:06 IST" finished-at="2021-09-17T12:11:41 IST">
      <class name="Runner.TestRunner">
        <test-method status="PASS" signature="setUpClass()[pri:0, instance:Runner.TestRunner@7113b13f]" name="setUpClass" is-config="true" duration-ms="1133" started-at="2021-09-17T12:11:06 IST" finished-at="2021-09-17T12:11:07 IST">
          <reporter-output>
          </reporter-output>
        </test-method> <!-- setUpClass -->
        <test-method status="FAIL" signature="runScenario(io.cucumber.testng.PickleWrapper, io.cucumber.testng.FeatureWrapper)[pri:0, instance:Runner.TestRunner@7113b13f]" name="runScenario" duration-ms="28252" started-at="2021-09-17T12:11:07 IST" description="Runs Cucumber Scenarios" data-provider="scenarios" finished-at="2021-09-17T12:11:35 IST">
          <params>
            <param index="0">
              <value>
                <![CDATA["Validating Transferee User is able to Add an Expense through MobilityX application"]]>
              </value>
            </param>
            <param index="1">
              <value>
                <![CDATA["Optional[Transferee - Add Expense Feature]"]]>
              </value>
            </param>
          </params>
          <exception class="java.lang.NullPointerException">
            <full-stacktrace>
              <![CDATA[java.lang.NullPointerException
at com.pages.TransfereeAddExpensePage.enterReceiptCurrencyReimAccountDetails(TransfereeAddExpensePage.java:87)
at com.stepDefinitions.AddExpenseSteps.i_click_on_button_to_enter_following_details_on(AddExpenseSteps.java:27)
at ✽.I click on 'add expense' button to enter following details on 'Create a new Expense Form'(file:///C:/Users/Pritam/eclipse-workspace/AiresAutomationAssign1/src/test/java/com/features/AddExpense.feature:13)
]]>
            </full-stacktrace>
          </exception> <!-- java.lang.NullPointerException -->
          <reporter-output>
          </reporter-output>
        </test-method> <!-- runScenario -->
        <test-method status="PASS" signature="tearDownClass()[pri:0, instance:Runner.TestRunner@7113b13f]" name="tearDownClass" is-config="true" duration-ms="5679" started-at="2021-09-17T12:11:35 IST" finished-at="2021-09-17T12:11:41 IST">
          <reporter-output>
          </reporter-output>
        </test-method> <!-- tearDownClass -->
      </class> <!-- Runner.TestRunner -->
    </test> <!-- Default test -->
  </suite> <!-- Default suite -->
</testng-results>
