<?xml version="1.0" encoding="UTF-8"?>
<!-- Generated by org.testng.reporters.JUnitXMLReporter -->
<testsuite hostname="LAPTOP-GB395NJQ" ignored="0" name="Default test" tests="1" failures="1" timestamp="2021-09-17T12:11:41 IST" time="35.106" errors="0">
  <testcase name="runScenario" time="28.252" classname="io.cucumber.testng.AbstractTestNGCucumberTests">
    <failure type="java.lang.NullPointerException">
      <![CDATA[java.lang.NullPointerException
at com.pages.TransfereeAddExpensePage.enterReceiptCurrencyReimAccountDetails(TransfereeAddExpensePage.java:87)
at com.stepDefinitions.AddExpenseSteps.i_click_on_button_to_enter_following_details_on(AddExpenseSteps.java:27)
at ✽.I click on 'add expense' button to enter following details on 'Create a new Expense Form'(file:///C:/Users/Pritam/eclipse-workspace/AiresAutomationAssign1/src/test/java/com/features/AddExpense.feature:13)
]]>
    </failure>
  </testcase> <!-- runScenario -->
</testsuite> <!-- Default test -->
